<?xml version="1.0" encoding="UTF-8"?>
<testng-results ignored="0" total="1" passed="1" failed="0" skipped="0">
  <reporter-output>
  </reporter-output>
  <suite started-at="2026-04-06T14:14:48 GMT-07:00" name="Default suite" finished-at="2026-04-06T14:14:48 GMT-07:00" duration-ms="87">
    <groups>
    </groups>
    <test started-at="2026-04-06T14:14:48 GMT-07:00" name="Default test" finished-at="2026-04-06T14:14:48 GMT-07:00" duration-ms="87">
      <class name="Githubpractise.gitcode.Logic">
        <test-method is-config="true" signature="step1()[pri:0, instance:Githubpractise.gitcode.Logic@4a883b15]" started-at="2026-04-06T14:14:48 GMT-07:00" name="step1" finished-at="2026-04-06T14:14:48 GMT-07:00" duration-ms="11" status="PASS">
          <reporter-output>
          </reporter-output>
        </test-method> <!-- step1 -->
        <test-method signature="execute()[pri:0, instance:Githubpractise.gitcode.Logic@4a883b15]" started-at="2026-04-06T14:14:48 GMT-07:00" name="execute" finished-at="2026-04-06T14:14:48 GMT-07:00" duration-ms="8" status="PASS">
          <reporter-output>
          </reporter-output>
        </test-method> <!-- execute -->
      </class> <!-- Githubpractise.gitcode.Logic -->
    </test> <!-- Default test -->
  </suite> <!-- Default suite -->
</testng-results>
